#
# A fatal error has been detected by the Java Runtime Environment:
#
#  EXCEPTION_ACCESS_VIOLATION (0xc0000005) at pc=0x000000006ec4b5bb, pid=13548, tid=0x000000000000054c
#
# JRE version: Java(TM) SE Runtime Environment (8.0_271-b09) (build 1.8.0_271-b09)
# Java VM: Java HotSpot(TM) 64-Bit Server VM (25.271-b09 mixed mode windows-amd64 compressed oops)
# Problematic frame:
# C  [jSSC-2.7_x86_64.dll+0xb5bb]
#
# Failed to write core dump. Minidumps are not enabled by default on client versions of Windows
#
# If you would like to submit a bug report, please visit:
#   http://bugreport.java.com/bugreport/crash.jsp
# The crash happened outside the Java Virtual Machine in native code.
# See problematic frame for where to report the bug.
#

---------------  T H R E A D  ---------------

Current thread (0x0000020810da5000):  JavaThread "AWT-EventQueue-0" [_thread_in_native, id=1356, stack(0x000000219ce00000,0x000000219cf00000)]

siginfo: ExceptionCode=0xc0000005, reading address 0x00000000782a1f58

Registers:
RAX=0x00000000782a1f58, RBX=0x000000219cefda70, RCX=0x00007ffc6740c194, RDX=0x0000000000000000
RSP=0x000000219cefda00, RBP=0x000000219cefdb80, RSI=0x0000020810da51f8, RDI=0x00000000000005b4
R8 =0x000000219cefd8f8, R9 =0x000000219cefd9f0, R10=0x0000000000000000, R11=0x0000000000000246
R12=0x000000219cefdc38, R13=0x0000020810935f10, R14=0x000000219cefdb30, R15=0x0000020810da5000
RIP=0x000000006ec4b5bb, EFLAGS=0x0000000000010202

Top of Stack: (sp=0x000000219cefda00)
0x000000219cefda00:   0000020810e2c700 0000020810935b70
0x000000219cefda10:   000000006ec4b210 00000208780f0000
0x000000219cefda20:   0000020877fe0000 0000000000000004
0x000000219cefda30:   0000020810da51f8 00000000000005b4
0x000000219cefda40:   000000219cefdb80 000000006ec52570
0x000000219cefda50:   0000020810da5000 000000219cefdb30
0x000000219cefda60:   0000020810935f10 000000219cefdc38
0x000000219cefda70:   0000020810935f10 00007ffc67385d21
0x000000219cefda80:   000000219cefdab0 00000208780f0000
0x000000219cefda90:   000000219cefdb80 0000000000000000
0x000000219cefdaa0:   000000006ec534e0 000000006ec53bc8
0x000000219cefdab0:   000000219cefdae0 000000006ec52621
0x000000219cefdac0:   000000219cefda50 0000020810da51f8
0x000000219cefdad0:   0000000000000000 0000000000000000
0x000000219cefdae0:   000000219cefdb80 000000006ec41575
0x000000219cefdaf0:   000000000000001c 0000020800000000 

Instructions: (pc=0x000000006ec4b5bb)
0x000000006ec4b59b:   c5 0f 1f 40 00 55 57 56 53 48 83 ec 28 48 8b 05
0x000000006ec4b5ab:   59 33 01 00 48 89 cb 48 85 c0 0f 84 c5 00 00 00
0x000000006ec4b5bb:   8b 38 85 ff 0f 88 ab 00 00 00 48 8b 05 3c 33 01
0x000000006ec4b5cb:   00 48 85 c0 0f 84 bc 00 00 00 8b 30 85 f6 74 57 


Register to memory mapping:

RAX=0x00000000782a1f58 is an unknown value
RBX=0x000000219cefda70 is pointing into the stack for thread: 0x0000020810da5000
RCX=0x00007ffc6740c194 is an unknown value
RDX=0x0000000000000000 is an unknown value
RSP=0x000000219cefda00 is pointing into the stack for thread: 0x0000020810da5000
RBP=0x000000219cefdb80 is pointing into the stack for thread: 0x0000020810da5000
RSI=0x0000020810da51f8 is an unknown value
RDI=0x00000000000005b4 is an unknown value
R8 =0x000000219cefd8f8 is pointing into the stack for thread: 0x0000020810da5000
R9 =0x000000219cefd9f0 is pointing into the stack for thread: 0x0000020810da5000
R10=0x0000000000000000 is an unknown value
R11=0x0000000000000246 is an unknown value
R12=0x000000219cefdc38 is pointing into the stack for thread: 0x0000020810da5000
R13=0x0000020810935f10 is an unknown value
R14=0x000000219cefdb30 is pointing into the stack for thread: 0x0000020810da5000
R15=0x0000020810da5000 is a thread


Stack: [0x000000219ce00000,0x000000219cf00000],  sp=0x000000219cefda00,  free space=1014k
Native frames: (J=compiled Java code, j=interpreted, Vv=VM code, C=native code)
C  [jSSC-2.7_x86_64.dll+0xb5bb]
C  [jSSC-2.7_x86_64.dll+0x12570]
C  [jSSC-2.7_x86_64.dll+0x1575]
C  0x0000020800019f4e

Java frames: (J=compiled Java code, j=interpreted, Vv=VM code)
j  jssc.SerialNativeInterface.openPort(Ljava/lang/String;Z)J+0
j  jssc.SerialPort.openPort()Z+65
j  comunicacionserial.ComunicacionSerial_Arduino.arduinoTX(Ljava/lang/String;I)V+58
j  Vistas.Led.<init>()V+28
j  Vistas.Led$3.run()V+4
j  java.awt.event.InvocationEvent.dispatch()V+47
j  java.awt.EventQueue.dispatchEventImpl(Ljava/awt/AWTEvent;Ljava/lang/Object;)V+21
j  java.awt.EventQueue.access$500(Ljava/awt/EventQueue;Ljava/awt/AWTEvent;Ljava/lang/Object;)V+3
j  java.awt.EventQueue$3.run()Ljava/lang/Void;+32
j  java.awt.EventQueue$3.run()Ljava/lang/Object;+1
v  ~StubRoutines::call_stub
j  java.security.AccessController.doPrivileged(Ljava/security/PrivilegedAction;Ljava/security/AccessControlContext;)Ljava/lang/Object;+0
j  java.security.ProtectionDomain$JavaSecurityAccessImpl.doIntersectionPrivilege(Ljava/security/PrivilegedAction;Ljava/security/AccessControlContext;Ljava/security/AccessControlContext;)Ljava/lang/Object;+18
j  java.awt.EventQueue.dispatchEvent(Ljava/awt/AWTEvent;)V+46
j  java.awt.EventDispatchThread.pumpOneEventForFilters(I)V+140
j  java.awt.EventDispatchThread.pumpEventsForFilter(ILjava/awt/Conditional;Ljava/awt/EventFilter;)V+35
j  java.awt.EventDispatchThread.pumpEventsForHierarchy(ILjava/awt/Conditional;Ljava/awt/Component;)V+11
j  java.awt.EventDispatchThread.pumpEvents(ILjava/awt/Conditional;)V+4
j  java.awt.EventDispatchThread.pumpEvents(Ljava/awt/Conditional;)V+3
j  java.awt.EventDispatchThread.run()V+9
v  ~StubRoutines::call_stub

---------------  P R O C E S S  ---------------

Java Threads: ( => current thread )
  0x0000020878121800 JavaThread "DestroyJavaVM" [_thread_blocked, id=8540, stack(0x000000219b500000,0x000000219b600000)]
=>0x0000020810da5000 JavaThread "AWT-EventQueue-0" [_thread_in_native, id=1356, stack(0x000000219ce00000,0x000000219cf00000)]
  0x0000020810d36800 JavaThread "AWT-Windows" daemon [_thread_in_native, id=1388, stack(0x000000219cd00000,0x000000219ce00000)]
  0x0000020810d36000 JavaThread "AWT-Shutdown" [_thread_blocked, id=1480, stack(0x000000219cc00000,0x000000219cd00000)]
  0x0000020810d35000 JavaThread "Java2D Disposer" daemon [_thread_blocked, id=7324, stack(0x000000219cb00000,0x000000219cc00000)]
  0x000002087ff09800 JavaThread "Service Thread" daemon [_thread_blocked, id=11280, stack(0x000000219c900000,0x000000219ca00000)]
  0x000002087fef8000 JavaThread "C1 CompilerThread3" daemon [_thread_blocked, id=9184, stack(0x000000219c800000,0x000000219c900000)]
  0x000002087fef7000 JavaThread "C2 CompilerThread2" daemon [_thread_blocked, id=3320, stack(0x000000219c700000,0x000000219c800000)]
  0x000002087fef3000 JavaThread "C2 CompilerThread1" daemon [_thread_blocked, id=13116, stack(0x000000219c600000,0x000000219c700000)]
  0x000002087fee6800 JavaThread "C2 CompilerThread0" daemon [_thread_blocked, id=5584, stack(0x000000219c500000,0x000000219c600000)]
  0x000002087fee5800 JavaThread "Attach Listener" daemon [_thread_blocked, id=15116, stack(0x000000219c400000,0x000000219c500000)]
  0x000002087feed800 JavaThread "Signal Dispatcher" daemon [_thread_blocked, id=2280, stack(0x000000219c300000,0x000000219c400000)]
  0x000002087fec5800 JavaThread "Finalizer" daemon [_thread_blocked, id=12524, stack(0x000000219c200000,0x000000219c300000)]
  0x000002087febc000 JavaThread "Reference Handler" daemon [_thread_blocked, id=15260, stack(0x000000219c100000,0x000000219c200000)]

Other Threads:
  0x000002087fe95000 VMThread [stack: 0x000000219c000000,0x000000219c100000] [id=13452]
  0x000002087ff2e000 WatcherThread [stack: 0x000000219ca00000,0x000000219cb00000] [id=13432]

VM state:not at safepoint (normal execution)

VM Mutex/Monitor currently owned by a thread: None

heap address: 0x0000000082600000, size: 2010 MB, Compressed Oops mode: 32-bit
Narrow klass base: 0x0000000000000000, Narrow klass shift: 3
Compressed class space size: 1073741824 Address: 0x0000000100000000

Heap:
 PSYoungGen      total 37888K, used 8526K [0x00000000d6200000, 0x00000000d8c00000, 0x0000000100000000)
  eden space 32768K, 26% used [0x00000000d6200000,0x00000000d6a53990,0x00000000d8200000)
  from space 5120K, 0% used [0x00000000d8700000,0x00000000d8700000,0x00000000d8c00000)
  to   space 5120K, 0% used [0x00000000d8200000,0x00000000d8200000,0x00000000d8700000)
 ParOldGen       total 86016K, used 0K [0x0000000082600000, 0x0000000087a00000, 0x00000000d6200000)
  object space 86016K, 0% used [0x0000000082600000,0x0000000082600000,0x0000000087a00000)
 Metaspace       used 10425K, capacity 10602K, committed 10880K, reserved 1058816K
  class space    used 1317K, capacity 1381K, committed 1408K, reserved 1048576K

Card table byte_map: [0x0000020879e10000,0x000002087a200000] byte_map_base: 0x00000208799fd000

Marking Bits: (ParMarkBitMap*) 0x00000000575a7fe0
 Begin Bits: [0x000002087a4a0000, 0x000002087c408000)
 End Bits:   [0x000002087c408000, 0x000002087e370000)

Polling page: 0x0000020878210000

CodeCache: size=245760Kb used=2047Kb max_used=2047Kb free=243712Kb
 bounds [0x0000020800000000, 0x0000020800270000, 0x000002080f000000]
 total_blobs=944 nmethods=496 adapters=361
 compilation: enabled

Compilation events (10 events):
Event: 0.345 Thread 0x000002087fef8000  484       1       sun.util.locale.BaseLocale::getScript (5 bytes)
Event: 0.345 Thread 0x000002087fef8000 nmethod 484 0x00000208001ff5d0 code [0x00000208001ff720, 0x00000208001ff838]
Event: 0.345 Thread 0x000002087fef8000  485       1       sun.util.locale.BaseLocale::getVariant (5 bytes)
Event: 0.345 Thread 0x000002087fef8000 nmethod 485 0x00000208001ff890 code [0x00000208001ff9e0, 0x00000208001ffaf8]
Event: 0.351 Thread 0x000002087fef8000  495       3       java.util.ArrayList$Itr::hasNext (20 bytes)
Event: 0.352 Thread 0x000002087fef8000 nmethod 495 0x00000208001fff50 code [0x00000208002000a0, 0x0000020800200278]
Event: 0.352 Thread 0x000002087fef8000  494       3       javax.swing.GroupLayout$Spring::constrain (8 bytes)
Event: 0.352 Thread 0x000002087fef8000 nmethod 494 0x0000020800200310 code [0x0000020800200480, 0x0000020800200698]
Event: 0.354 Thread 0x000002087fef8000  496       3       java.lang.String::toCharArray (25 bytes)
Event: 0.355 Thread 0x000002087fef8000 nmethod 496 0x0000020800200750 code [0x00000208002008c0, 0x0000020800200b50]

GC Heap History (0 events):
No events

Deoptimization events (2 events):
Event: 0.134 Thread 0x0000020878121800 Uncommon trap: reason=unstable_if action=reinterpret pc=0x000002080011b2dc method=java.lang.CharacterDataLatin1.digit(II)I @ 82
Event: 0.193 Thread 0x0000020878121800 Uncommon trap: reason=null_check action=make_not_entrant pc=0x0000020800159f24 method=java.lang.String.equals(Ljava/lang/Object;)Z @ 8

Classes redefined (0 events):
No events

Internal exceptions (10 events):
Event: 0.230 Thread 0x0000020878121800 Exception <a 'java/lang/ClassNotFoundException': ToolBar> (0x00000000d6682858) thrown at [C:\jenkins\workspace\8-2-build-windows-amd64-cygwin\jdk8u271\605\hotspot\src\share\vm\classfile\systemDictionary.cpp, line 212]
Event: 0.230 Thread 0x0000020878121800 Exception <a 'java/lang/ClassNotFoundException': ToggleButton> (0x00000000d6682e08) thrown at [C:\jenkins\workspace\8-2-build-windows-amd64-cygwin\jdk8u271\605\hotspot\src\share\vm\classfile\systemDictionary.cpp, line 212]
Event: 0.230 Thread 0x0000020878121800 Exception <a 'java/lang/ClassNotFoundException': javax/swing/JToolBarSeparator> (0x00000000d6683268) thrown at [C:\jenkins\workspace\8-2-build-windows-amd64-cygwin\jdk8u271\605\hotspot\src\share\vm\classfile\systemDictionary.cpp, line 212]
Event: 0.230 Thread 0x0000020878121800 Exception <a 'java/lang/ClassNotFoundException': ToolBarSeparator> (0x00000000d6683700) thrown at [C:\jenkins\workspace\8-2-build-windows-amd64-cygwin\jdk8u271\605\hotspot\src\share\vm\classfile\systemDictionary.cpp, line 212]
Event: 0.230 Thread 0x0000020878121800 Exception <a 'java/lang/ClassNotFoundException': ToolTip> (0x00000000d6683e40) thrown at [C:\jenkins\workspace\8-2-build-windows-amd64-cygwin\jdk8u271\605\hotspot\src\share\vm\classfile\systemDictionary.cpp, line 212]
Event: 0.231 Thread 0x0000020878121800 Exception <a 'java/lang/ClassNotFoundException': Tree> (0x00000000d6684a60) thrown at [C:\jenkins\workspace\8-2-build-windows-amd64-cygwin\jdk8u271\605\hotspot\src\share\vm\classfile\systemDictionary.cpp, line 212]
Event: 0.231 Thread 0x0000020878121800 Exception <a 'java/lang/ClassNotFoundException': Tree> (0x00000000d66851a0) thrown at [C:\jenkins\workspace\8-2-build-windows-amd64-cygwin\jdk8u271\605\hotspot\src\share\vm\classfile\systemDictionary.cpp, line 212]
Event: 0.231 Thread 0x0000020878121800 Exception <a 'java/lang/ClassNotFoundException': javax/swing/JTreeCell> (0x00000000d6685520) thrown at [C:\jenkins\workspace\8-2-build-windows-amd64-cygwin\jdk8u271\605\hotspot\src\share\vm\classfile\systemDictionary.cpp, line 212]
Event: 0.231 Thread 0x0000020878121800 Exception <a 'java/lang/ClassNotFoundException': TreeCell> (0x00000000d66859a8) thrown at [C:\jenkins\workspace\8-2-build-windows-amd64-cygwin\jdk8u271\605\hotspot\src\share\vm\classfile\systemDictionary.cpp, line 212]
Event: 0.231 Thread 0x0000020878121800 Exception <a 'java/lang/ClassNotFoundException': RootPane> (0x00000000d6686408) thrown at [C:\jenkins\workspace\8-2-build-windows-amd64-cygwin\jdk8u271\605\hotspot\src\share\vm\classfile\systemDictionary.cpp, line 212]

Events (10 events):
Event: 0.353 loading class java/lang/SecurityException
Event: 0.353 loading class java/lang/SecurityException done
Event: 0.353 loading class jssc/SerialPortTimeoutException
Event: 0.353 loading class jssc/SerialPortTimeoutException done
Event: 0.353 loading class jssc/SerialPort$EventThread
Event: 0.353 loading class jssc/SerialPort$EventThread done
Event: 0.354 loading class jssc/SerialPort$LinuxEventThread
Event: 0.354 loading class jssc/SerialPort$LinuxEventThread done
Event: 0.354 loading class jssc/SerialNativeInterface
Event: 0.354 loading class jssc/SerialNativeInterface done


Dynamic libraries:
0x00007ff78ea10000 - 0x00007ff78ea57000 	C:\Program Files\Java\jdk1.8.0_271\bin\java.exe
0x00007ffc67370000 - 0x00007ffc67566000 	C:\Windows\SYSTEM32\ntdll.dll
0x00007ffc65730000 - 0x00007ffc657ed000 	C:\Windows\System32\KERNEL32.DLL
0x00007ffc64dc0000 - 0x00007ffc65089000 	C:\Windows\System32\KERNELBASE.dll
0x00007ffc66300000 - 0x00007ffc663ac000 	C:\Windows\System32\ADVAPI32.dll
0x00007ffc67170000 - 0x00007ffc6720e000 	C:\Windows\System32\msvcrt.dll
0x00007ffc67070000 - 0x00007ffc6710c000 	C:\Windows\System32\sechost.dll
0x00007ffc65d00000 - 0x00007ffc65e2b000 	C:\Windows\System32\RPCRT4.dll
0x00007ffc65ed0000 - 0x00007ffc66070000 	C:\Windows\System32\USER32.dll
0x00007ffc65090000 - 0x00007ffc650b2000 	C:\Windows\System32\win32u.dll
0x00007ffc66830000 - 0x00007ffc6685a000 	C:\Windows\System32\GDI32.dll
0x00007ffc64ab0000 - 0x00007ffc64bb9000 	C:\Windows\System32\gdi32full.dll
0x00007ffc64d20000 - 0x00007ffc64dbd000 	C:\Windows\System32\msvcp_win.dll
0x00007ffc651c0000 - 0x00007ffc652c0000 	C:\Windows\System32\ucrtbase.dll
0x00007ffc52df0000 - 0x00007ffc5308b000 	C:\Windows\WinSxS\amd64_microsoft.windows.common-controls_6595b64144ccf1df_6.0.19041.488_none_ca04af081b815d21\COMCTL32.dll
0x00007ffc65ea0000 - 0x00007ffc65ed0000 	C:\Windows\System32\IMM32.DLL
0x00007ffc0ada0000 - 0x00007ffc0adb5000 	C:\Program Files\Java\jdk1.8.0_271\jre\bin\vcruntime140.dll
0x00007ffbf3fa0000 - 0x00007ffbf403b000 	C:\Program Files\Java\jdk1.8.0_271\jre\bin\msvcp140.dll
0x0000000056db0000 - 0x000000005761f000 	C:\Program Files\Java\jdk1.8.0_271\jre\bin\server\jvm.dll
0x00007ffc66820000 - 0x00007ffc66828000 	C:\Windows\System32\PSAPI.DLL
0x00007ffc35f30000 - 0x00007ffc35f39000 	C:\Windows\SYSTEM32\WSOCK32.dll
0x00007ffc5c9e0000 - 0x00007ffc5c9ea000 	C:\Windows\SYSTEM32\VERSION.dll
0x00007ffc65e30000 - 0x00007ffc65e9b000 	C:\Windows\System32\WS2_32.dll
0x00007ffc50da0000 - 0x00007ffc50dc7000 	C:\Windows\SYSTEM32\WINMM.dll
0x00007ffc62a00000 - 0x00007ffc62a12000 	C:\Windows\SYSTEM32\kernel.appcore.dll
0x00007ffc37c90000 - 0x00007ffc37ca0000 	C:\Program Files\Java\jdk1.8.0_271\jre\bin\verify.dll
0x00007ffbf97c0000 - 0x00007ffbf97eb000 	C:\Program Files\Java\jdk1.8.0_271\jre\bin\java.dll
0x00007ffbf5cc0000 - 0x00007ffbf5cd8000 	C:\Program Files\Java\jdk1.8.0_271\jre\bin\zip.dll
0x00007ffc66860000 - 0x00007ffc66fa2000 	C:\Windows\System32\SHELL32.dll
0x00007ffc62c00000 - 0x00007ffc63395000 	C:\Windows\SYSTEM32\windows.storage.dll
0x00007ffc659a0000 - 0x00007ffc65cf6000 	C:\Windows\System32\combase.dll
0x00007ffc64520000 - 0x00007ffc6454c000 	C:\Windows\SYSTEM32\Wldp.dll
0x00007ffc661a0000 - 0x00007ffc6624e000 	C:\Windows\System32\SHCORE.dll
0x00007ffc658a0000 - 0x00007ffc658f5000 	C:\Windows\System32\shlwapi.dll
0x00007ffc649e0000 - 0x00007ffc64a06000 	C:\Windows\SYSTEM32\profapi.dll
0x00007ffbdda50000 - 0x00007ffbddbe4000 	C:\Program Files\Java\jdk1.8.0_271\jre\bin\awt.dll
0x00007ffc65660000 - 0x00007ffc6572d000 	C:\Windows\System32\OLEAUT32.dll
0x00007ffc62370000 - 0x00007ffc62400000 	C:\Windows\SYSTEM32\apphelp.dll
0x00007ffc62460000 - 0x00007ffc624fe000 	C:\Windows\system32\uxtheme.dll
0x00007ffc67210000 - 0x00007ffc67326000 	C:\Windows\System32\MSCTF.dll
0x00007ffc66070000 - 0x00007ffc6619a000 	C:\Windows\System32\ole32.dll
0x00007ffc65110000 - 0x00007ffc65190000 	C:\Windows\System32\bcryptPrimitives.dll
0x00007ffc62710000 - 0x00007ffc6273f000 	C:\Windows\system32\DWMAPI.DLL
0x00007ffbf55e0000 - 0x00007ffbf5629000 	C:\Program Files\Java\jdk1.8.0_271\jre\bin\fontmanager.dll
0x00007ffc32d10000 - 0x00007ffc32e35000 	C:\Windows\system32\opengl32.dll
0x00007ffc5f220000 - 0x00007ffc5f24c000 	C:\Windows\SYSTEM32\GLU32.dll
0x00007ffbf59f0000 - 0x00007ffbf5a0c000 	C:\Program Files\Java\jdk1.8.0_271\jre\bin\net.dll
0x00007ffc642a0000 - 0x00007ffc6430a000 	C:\Windows\system32\mswsock.dll
0x00007ffbf59d0000 - 0x00007ffbf59e3000 	C:\Program Files\Java\jdk1.8.0_271\jre\bin\nio.dll
0x00007ffbf5400000 - 0x00007ffbf5443000 	C:\Program Files\Java\jdk1.8.0_271\jre\bin\t2k.dll
0x000000006ec40000 - 0x000000006ec65000 	C:\Users\diego\.jssc\windows\jSSC-2.7_x86_64.dll
0x00007ffc4e160000 - 0x00007ffc4e344000 	C:\Windows\SYSTEM32\dbghelp.dll

VM Arguments:
jvm_args: -Dfile.encoding=UTF-8 
java_command: Vistas.Led
java_class_path (initial): D:\Descargas\Librerias\Comunicacion Serial\ComunicacionSerial-2.1.jar;D:\THE DHS MOTHERSHIP\PROYECTOS\JAVA PROYECTOS\JavaArduinoProyecto\build\classes
Launcher Type: SUN_STANDARD

Environment Variables:
PATH=C:\Program Files (x86)\Common Files\Oracle\Java\javapath;C:\Program Files (x86)\NVIDIA Corporation\PhysX\Common;C:\Windows\system32;C:\Windows;C:\Windows\System32\Wbem;C:\Windows\System32\WindowsPowerShell\v1.0\;C:\Windows\System32\OpenSSH\;C:\Program Files (x86)\Intel\Intel(R) Management Engine Components\DAL;C:\Program Files\Intel\Intel(R) Management Engine Components\DAL;C:\Program Files\Microsoft SQL Server\Client SDK\ODBC\110\Tools\Binn\;C:\Program Files (x86)\Microsoft SQL Server\120\Tools\Binn\;C:\Program Files\Microsoft SQL Server\120\Tools\Binn\;C:\Program Files\Microsoft SQL Server\120\DTS\Binn\;C:\Program Files (x86)\Windows Kits\8.1\Windows Performance Toolkit\;C:\Program Files\dotnet\;C:\Program Files\Git\cmd;C:\Program Files\MATLAB\R2020b\bin;C:\Program Files\LLVM\bin;C:\Users\diego\anaconda3;C:\Users\diego\anaconda3\Library\mingw-w64\bin;C:\Users\diego\anaconda3\Library\usr\bin;C:\Users\diego\anaconda3\Library\bin;C:\Users\diego\anaconda3\Scripts;C:\Users\diego\AppData\Local\Microsoft\WindowsApps;C:\Users\diego\.dotnet\tools;C:\Users\diego\AppData\Local\Programs\Microsoft VS Code\bin;C:\Users\diego\AppData\Local\atom\bin
USERNAME=diego
OS=Windows_NT
PROCESSOR_IDENTIFIER=Intel64 Family 6 Model 158 Stepping 10, GenuineIntel



---------------  S Y S T E M  ---------------

OS: Windows 10.0 , 64 bit Build 19041 (10.0.19041.662)

CPU:total 12 (initial active 12) (6 cores per cpu, 2 threads per core) family 6 model 158 stepping 10, cmov, cx8, fxsr, mmx, sse, sse2, sse3, ssse3, sse4.1, sse4.2, popcnt, avx, avx2, aes, clmul, erms, 3dnowpref, lzcnt, ht, tsc, tscinvbit, bmi1, bmi2, adx

Memory: 4k page, physical 8229480k(1603960k free), swap 13472360k(2122052k free)

vm_info: Java HotSpot(TM) 64-Bit Server VM (25.271-b09) for windows-amd64 JRE (1.8.0_271-b09), built on Sep 16 2020 19:14:59 by "" with MS VC++ 15.9 (VS2017)

time: Fri Jan  8 23:55:05 2021
timezone: Hora estándar central (México)
elapsed time: 0.638561 seconds (0d 0h 0m 0s)

